<?xml version="1.0" encoding="UTF-8"?>
<testng-results ignored="0" total="2" passed="2" failed="0" skipped="0">
  <reporter-output>
  </reporter-output>
  <suite started-at="2026-03-27T12:05:07 IST" name="Automation Suite" finished-at="2026-03-27T12:05:54 IST" duration-ms="47231">
    <groups>
    </groups>
    <test started-at="2026-03-27T12:05:07 IST" name="Login Test" finished-at="2026-03-27T12:05:54 IST" duration-ms="47231">
      <class name="test.LoginTest">
        <test-method is-config="true" signature="setup()[pri:0, instance:test.LoginTest@3da05287]" started-at="2026-03-27T12:05:08 IST" name="setup" finished-at="2026-03-27T12:05:41 IST" duration-ms="33023" status="PASS">
          <reporter-output>
          </reporter-output>
        </test-method> <!-- setup -->
        <test-method signature="loginTest(java.lang.String,java.lang.String,java.lang.String)[pri:0, instance:test.LoginTest@3da05287]" started-at="2026-03-27T12:05:41 IST" name="loginTest" data-provider="loginData" finished-at="2026-03-27T12:05:42 IST" duration-ms="1175" status="PASS">
          <params>
            <param index="0">
              <value>
                <![CDATA[tomsmith]]>
              </value>
            </param>
            <param index="1">
              <value>
                <![CDATA[SuperSecretPassword!]]>
              </value>
            </param>
            <param index="2">
              <value>
                <![CDATA[success]]>
              </value>
            </param>
          </params>
          <reporter-output>
          </reporter-output>
        </test-method> <!-- loginTest -->
        <test-method is-config="true" signature="tearDown()[pri:0, instance:test.LoginTest@3da05287]" started-at="2026-03-27T12:05:42 IST" name="tearDown" finished-at="2026-03-27T12:05:43 IST" duration-ms="1074" status="PASS">
          <reporter-output>
          </reporter-output>
        </test-method> <!-- tearDown -->
        <test-method is-config="true" signature="setup()[pri:0, instance:test.LoginTest@3da05287]" started-at="2026-03-27T12:05:43 IST" name="setup" finished-at="2026-03-27T12:05:52 IST" duration-ms="8573" status="PASS">
          <reporter-output>
          </reporter-output>
        </test-method> <!-- setup -->
        <test-method signature="loginTest(java.lang.String,java.lang.String,java.lang.String)[pri:0, instance:test.LoginTest@3da05287]" started-at="2026-03-27T12:05:52 IST" name="loginTest" data-provider="loginData" finished-at="2026-03-27T12:05:54 IST" duration-ms="2074" status="PASS">
          <params>
            <param index="0">
              <value>
                <![CDATA[wrong]]>
              </value>
            </param>
            <param index="1">
              <value>
                <![CDATA[wrong123]]>
              </value>
            </param>
            <param index="2">
              <value>
                <![CDATA[invalid]]>
              </value>
            </param>
          </params>
          <reporter-output>
          </reporter-output>
        </test-method> <!-- loginTest -->
        <test-method is-config="true" signature="tearDown()[pri:0, instance:test.LoginTest@3da05287]" started-at="2026-03-27T12:05:54 IST" name="tearDown" finished-at="2026-03-27T12:05:54 IST" duration-ms="470" status="PASS">
          <reporter-output>
          </reporter-output>
        </test-method> <!-- tearDown -->
      </class> <!-- test.LoginTest -->
    </test> <!-- Login Test -->
  </suite> <!-- Automation Suite -->
</testng-results>
